<?xml version="1.0" encoding="UTF-8"?>
<testsuite name="AvionComercialTest" tests="2" skipped="0" failures="0" errors="0" timestamp="2023-07-26T13:11:00" hostname="THINKPAD_FEDE" time="0.006">
  <properties/>
  <testcase name="testVolar" classname="AvionComercialTest" time="0.005"/>
  <testcase name="testGetConsumoCombustible" classname="AvionComercialTest" time="0.0"/>
  <system-out><![CDATA[]]></system-out>
  <system-err><![CDATA[]]></system-err>
</testsuite>
